<?xml version="1.0" encoding="UTF-8"?>
<!DOCTYPE coverage SYSTEM "https://raw.githubusercontent.com/cobertura/cobertura/master/cobertura/src/site/htdocs/xml/coverage-04.dtd">
<coverage line-rate="0.894117647058824" branch-rate="0" lines-covered="2128" lines-valid="2380" branches-covered="0" branches-valid="0" complexity="0" version="3.6.4" timestamp="2024-10-07 15:20:20">
  <sources>
    <source>C:/GCAM_working_group/IAM COMPACT/gcamreport</source>
  </sources>
  <packages>
    <package name="gcamreport" line-rate="0.894117647058824" branch-rate="0" complexity="0">
      <classes>
        <class name="app_functions.R" filename="R/app_functions.R" line-rate="0.926174496644295" branch-rate="0" complexity="0">
          <methods>
            <method name="compute_height" signature="" line-rate="1" branch-rate="0" complexity="0">
              <lines>
                <line number="13" hits="6" branch="false"/>
                <line number="14" hits="6" branch="false"/>
                <line number="16" hits="6" branch="false"/>
              </lines>
            </method>
            <method name="is_leaf" signature="" line-rate="1" branch-rate="0" complexity="0">
              <lines>
                <line number="27" hits="84" branch="false"/>
                <line number="28" hits="84" branch="false"/>
                <line number="29" hits="10" branch="false"/>
                <line number="32" hits="74" branch="false"/>
              </lines>
            </method>
            <method name="change_style" signature="" line-rate="0.9" branch-rate="0" complexity="0">
              <lines>
                <line number="46" hits="13" branch="false"/>
                <line number="47" hits="13" branch="false"/>
                <line number="49" hits="84" branch="false"/>
                <line number="52" hits="84" branch="false"/>
                <line number="54" hits="10" branch="false"/>
                <line number="59" hits="84" branch="false"/>
                <line number="60" hits="0" branch="false"/>
                <line number="62" hits="84" branch="false"/>
                <line number="64" hits="84" branch="false"/>
                <line number="67" hits="13" branch="false"/>
              </lines>
            </method>
            <method name="check_user_choices_plot" signature="" line-rate="1" branch-rate="0" complexity="0">
              <lines>
                <line number="85" hits="18" branch="false"/>
                <line number="88" hits="18" branch="false"/>
                <line number="89" hits="15" branch="false"/>
                <line number="91" hits="3" branch="false"/>
                <line number="95" hits="18" branch="false"/>
                <line number="96" hits="3" branch="false"/>
                <line number="99" hits="18" branch="false"/>
                <line number="100" hits="3" branch="false"/>
                <line number="103" hits="18" branch="false"/>
                <line number="104" hits="6" branch="false"/>
                <line number="107" hits="18" branch="false"/>
                <line number="108" hits="3" branch="false"/>
                <line number="111" hits="18" branch="false"/>
                <line number="112" hits="3" branch="false"/>
                <line number="115" hits="18" branch="false"/>
              </lines>
            </method>
            <method name="update_user_choices_plot" signature="" line-rate="0.743589743589744" branch-rate="0" complexity="0">
              <lines>
                <line number="133" hits="3" branch="false"/>
                <line number="134" hits="3" branch="false"/>
                <line number="136" hits="3" branch="false"/>
                <line number="137" hits="3" branch="false"/>
                <line number="139" hits="3" branch="false"/>
                <line number="140" hits="3" branch="false"/>
                <line number="141" hits="3" branch="false"/>
                <line number="145" hits="3" branch="false"/>
                <line number="146" hits="0" branch="false"/>
                <line number="147" hits="0" branch="false"/>
                <line number="151" hits="3" branch="false"/>
                <line number="152" hits="0" branch="false"/>
                <line number="153" hits="0" branch="false"/>
                <line number="154" hits="0" branch="false"/>
                <line number="158" hits="3" branch="false"/>
                <line number="159" hits="0" branch="false"/>
                <line number="160" hits="0" branch="false"/>
                <line number="161" hits="0" branch="false"/>
                <line number="165" hits="3" branch="false"/>
                <line number="166" hits="3" branch="false"/>
                <line number="169" hits="3" branch="false"/>
                <line number="170" hits="3" branch="false"/>
                <line number="172" hits="0" branch="false"/>
                <line number="174" hits="3" branch="false"/>
                <line number="175" hits="0" branch="false"/>
                <line number="177" hits="3" branch="false"/>
                <line number="181" hits="3" branch="false"/>
                <line number="183" hits="3" branch="false"/>
                <line number="184" hits="3" branch="false"/>
                <line number="185" hits="3" branch="false"/>
                <line number="186" hits="3" branch="false"/>
                <line number="187" hits="3" branch="false"/>
                <line number="188" hits="3" branch="false"/>
                <line number="189" hits="3" branch="false"/>
                <line number="190" hits="3" branch="false"/>
                <line number="191" hits="3" branch="false"/>
                <line number="192" hits="3" branch="false"/>
                <line number="193" hits="3" branch="false"/>
                <line number="194" hits="3" branch="false"/>
              </lines>
            </method>
            <method name="reset_first_load" signature="" line-rate="1" branch-rate="0" complexity="0">
              <lines>
                <line number="205" hits="3" branch="false"/>
                <line number="206" hits="3" branch="false"/>
                <line number="207" hits="3" branch="false"/>
                <line number="208" hits="3" branch="false"/>
                <line number="209" hits="3" branch="false"/>
                <line number="210" hits="3" branch="false"/>
                <line number="211" hits="3" branch="false"/>
                <line number="212" hits="3" branch="false"/>
                <line number="213" hits="3" branch="false"/>
                <line number="214" hits="3" branch="false"/>
                <line number="215" hits="3" branch="false"/>
              </lines>
            </method>
            <method name="do_data_sample" signature="" line-rate="1" branch-rate="0" complexity="0">
              <lines>
                <line number="234" hits="15" branch="false"/>
                <line number="237" hits="15" branch="false"/>
                <line number="238" hits="9" branch="false"/>
                <line number="239" hits="6" branch="false"/>
                <line number="240" hits="3" branch="false"/>
                <line number="242" hits="3" branch="false"/>
                <line number="246" hits="15" branch="false"/>
                <line number="247" hits="6" branch="false"/>
                <line number="248" hits="9" branch="false"/>
                <line number="249" hits="3" branch="false"/>
                <line number="251" hits="6" branch="false"/>
                <line number="255" hits="15" branch="false"/>
                <line number="256" hits="15" branch="false"/>
                <line number="257" hits="15" branch="false"/>
                <line number="258" hits="15" branch="false"/>
                <line number="259" hits="15" branch="false"/>
                <line number="260" hits="15" branch="false"/>
                <line number="262" hits="15" branch="false"/>
              </lines>
            </method>
            <method name="do_mount_tree" signature="" line-rate="1" branch-rate="0" complexity="0">
              <lines>
                <line number="279" hits="4703" branch="false"/>
                <line number="281" hits="4703" branch="false"/>
                <line number="283" hits="2988" branch="false"/>
                <line number="286" hits="1715" branch="false"/>
                <line number="289" hits="1715" branch="false"/>
                <line number="291" hits="4685" branch="false"/>
                <line number="292" hits="4685" branch="false"/>
                <line number="293" hits="4443" branch="false"/>
                <line number="295" hits="242" branch="false"/>
                <line number="297" hits="4685" branch="false"/>
                <line number="300" hits="4685" branch="false"/>
                <line number="301" hits="4685" branch="false"/>
                <line number="302" hits="4685" branch="false"/>
                <line number="303" hits="4685" branch="false"/>
                <line number="304" hits="4685" branch="false"/>
                <line number="305" hits="4685" branch="false"/>
                <line number="306" hits="4685" branch="false"/>
                <line number="310" hits="1715" branch="false"/>
                <line number="311" hits="1715" branch="false"/>
                <line number="312" hits="1715" branch="false"/>
                <line number="313" hits="1715" branch="false"/>
                <line number="314" hits="1715" branch="false"/>
                <line number="315" hits="1715" branch="false"/>
                <line number="316" hits="1715" branch="false"/>
              </lines>
            </method>
            <method name="do_unmount_tree" signature="" line-rate="1" branch-rate="0" complexity="0">
              <lines>
                <line number="332" hits="21" branch="false"/>
                <line number="334" hits="21" branch="false"/>
                <line number="336" hits="18" branch="false"/>
                <line number="337" hits="18" branch="false"/>
                <line number="338" hits="18" branch="false"/>
                <line number="339" hits="18" branch="false"/>
                <line number="340" hits="18" branch="false"/>
                <line number="341" hits="18" branch="false"/>
                <line number="342" hits="18" branch="false"/>
                <line number="345" hits="18" branch="false"/>
                <line number="346" hits="18" branch="false"/>
                <line number="347" hits="18" branch="false"/>
                <line number="348" hits="18" branch="false"/>
                <line number="349" hits="18" branch="false"/>
                <line number="350" hits="18" branch="false"/>
                <line number="351" hits="18" branch="false"/>
                <line number="352" hits="18" branch="false"/>
                <line number="353" hits="18" branch="false"/>
                <line number="354" hits="18" branch="false"/>
                <line number="356" hits="18" branch="false"/>
                <line number="358" hits="3" branch="false"/>
              </lines>
            </method>
            <method name="do_collapse_df" signature="" line-rate="1" branch-rate="0" complexity="0">
              <lines>
                <line number="372" hits="9" branch="false"/>
                <line number="375" hits="9" branch="false"/>
                <line number="376" hits="9" branch="false"/>
                <line number="378" hits="9" branch="false"/>
              </lines>
            </method>
          </methods>
          <lines>
            <line number="13" hits="6" branch="false"/>
            <line number="14" hits="6" branch="false"/>
            <line number="16" hits="6" branch="false"/>
            <line number="27" hits="84" branch="false"/>
            <line number="28" hits="84" branch="false"/>
            <line number="29" hits="10" branch="false"/>
            <line number="32" hits="74" branch="false"/>
            <line number="46" hits="13" branch="false"/>
            <line number="47" hits="13" branch="false"/>
            <line number="49" hits="84" branch="false"/>
            <line number="52" hits="84" branch="false"/>
            <line number="54" hits="10" branch="false"/>
            <line number="59" hits="84" branch="false"/>
            <line number="60" hits="0" branch="false"/>
            <line number="62" hits="84" branch="false"/>
            <line number="64" hits="84" branch="false"/>
            <line number="67" hits="13" branch="false"/>
            <line number="85" hits="18" branch="false"/>
            <line number="88" hits="18" branch="false"/>
            <line number="89" hits="15" branch="false"/>
            <line number="91" hits="3" branch="false"/>
            <line number="95" hits="18" branch="false"/>
            <line number="96" hits="3" branch="false"/>
            <line number="99" hits="18" branch="false"/>
            <line number="100" hits="3" branch="false"/>
            <line number="103" hits="18" branch="false"/>
            <line number="104" hits="6" branch="false"/>
            <line number="107" hits="18" branch="false"/>
            <line number="108" hits="3" branch="false"/>
            <line number="111" hits="18" branch="false"/>
            <line number="112" hits="3" branch="false"/>
            <line number="115" hits="18" branch="false"/>
            <line number="133" hits="3" branch="false"/>
            <line number="134" hits="3" branch="false"/>
            <line number="136" hits="3" branch="false"/>
            <line number="137" hits="3" branch="false"/>
            <line number="139" hits="3" branch="false"/>
            <line number="140" hits="3" branch="false"/>
            <line number="141" hits="3" branch="false"/>
            <line number="145" hits="3" branch="false"/>
            <line number="146" hits="0" branch="false"/>
            <line number="147" hits="0" branch="false"/>
            <line number="151" hits="3" branch="false"/>
            <line number="152" hits="0" branch="false"/>
            <line number="153" hits="0" branch="false"/>
            <line number="154" hits="0" branch="false"/>
            <line number="158" hits="3" branch="false"/>
            <line number="159" hits="0" branch="false"/>
            <line number="160" hits="0" branch="false"/>
            <line number="161" hits="0" branch="false"/>
            <line number="165" hits="3" branch="false"/>
            <line number="166" hits="3" branch="false"/>
            <line number="169" hits="3" branch="false"/>
            <line number="170" hits="3" branch="false"/>
            <line number="172" hits="0" branch="false"/>
            <line number="174" hits="3" branch="false"/>
            <line number="175" hits="0" branch="false"/>
            <line number="177" hits="3" branch="false"/>
            <line number="181" hits="3" branch="false"/>
            <line number="183" hits="3" branch="false"/>
            <line number="184" hits="3" branch="false"/>
            <line number="185" hits="3" branch="false"/>
            <line number="186" hits="3" branch="false"/>
            <line number="187" hits="3" branch="false"/>
            <line number="188" hits="3" branch="false"/>
            <line number="189" hits="3" branch="false"/>
            <line number="190" hits="3" branch="false"/>
            <line number="191" hits="3" branch="false"/>
            <line number="192" hits="3" branch="false"/>
            <line number="193" hits="3" branch="false"/>
            <line number="194" hits="3" branch="false"/>
            <line number="205" hits="3" branch="false"/>
            <line number="206" hits="3" branch="false"/>
            <line number="207" hits="3" branch="false"/>
            <line number="208" hits="3" branch="false"/>
            <line number="209" hits="3" branch="false"/>
            <line number="210" hits="3" branch="false"/>
            <line number="211" hits="3" branch="false"/>
            <line number="212" hits="3" branch="false"/>
            <line number="213" hits="3" branch="false"/>
            <line number="214" hits="3" branch="false"/>
            <line number="215" hits="3" branch="false"/>
            <line number="234" hits="15" branch="false"/>
            <line number="237" hits="15" branch="false"/>
            <line number="238" hits="9" branch="false"/>
            <line number="239" hits="6" branch="false"/>
            <line number="240" hits="3" branch="false"/>
            <line number="242" hits="3" branch="false"/>
            <line number="246" hits="15" branch="false"/>
            <line number="247" hits="6" branch="false"/>
            <line number="248" hits="9" branch="false"/>
            <line number="249" hits="3" branch="false"/>
            <line number="251" hits="6" branch="false"/>
            <line number="255" hits="15" branch="false"/>
            <line number="256" hits="15" branch="false"/>
            <line number="257" hits="15" branch="false"/>
            <line number="258" hits="15" branch="false"/>
            <line number="259" hits="15" branch="false"/>
            <line number="260" hits="15" branch="false"/>
            <line number="262" hits="15" branch="false"/>
            <line number="279" hits="4703" branch="false"/>
            <line number="281" hits="4703" branch="false"/>
            <line number="283" hits="2988" branch="false"/>
            <line number="286" hits="1715" branch="false"/>
            <line number="289" hits="1715" branch="false"/>
            <line number="291" hits="4685" branch="false"/>
            <line number="292" hits="4685" branch="false"/>
            <line number="293" hits="4443" branch="false"/>
            <line number="295" hits="242" branch="false"/>
            <line number="297" hits="4685" branch="false"/>
            <line number="300" hits="4685" branch="false"/>
            <line number="301" hits="4685" branch="false"/>
            <line number="302" hits="4685" branch="false"/>
            <line number="303" hits="4685" branch="false"/>
            <line number="304" hits="4685" branch="false"/>
            <line number="305" hits="4685" branch="false"/>
            <line number="306" hits="4685" branch="false"/>
            <line number="310" hits="1715" branch="false"/>
            <line number="311" hits="1715" branch="false"/>
            <line number="312" hits="1715" branch="false"/>
            <line number="313" hits="1715" branch="false"/>
            <line number="314" hits="1715" branch="false"/>
            <line number="315" hits="1715" branch="false"/>
            <line number="316" hits="1715" branch="false"/>
            <line number="332" hits="21" branch="false"/>
            <line number="334" hits="21" branch="false"/>
            <line number="336" hits="18" branch="false"/>
            <line number="337" hits="18" branch="false"/>
            <line number="338" hits="18" branch="false"/>
            <line number="339" hits="18" branch="false"/>
            <line number="340" hits="18" branch="false"/>
            <line number="341" hits="18" branch="false"/>
            <line number="342" hits="18" branch="false"/>
            <line number="345" hits="18" branch="false"/>
            <line number="346" hits="18" branch="false"/>
            <line number="347" hits="18" branch="false"/>
            <line number="348" hits="18" branch="false"/>
            <line number="349" hits="18" branch="false"/>
            <line number="350" hits="18" branch="false"/>
            <line number="351" hits="18" branch="false"/>
            <line number="352" hits="18" branch="false"/>
            <line number="353" hits="18" branch="false"/>
            <line number="354" hits="18" branch="false"/>
            <line number="356" hits="18" branch="false"/>
            <line number="358" hits="3" branch="false"/>
            <line number="372" hits="9" branch="false"/>
            <line number="375" hits="9" branch="false"/>
            <line number="376" hits="9" branch="false"/>
            <line number="378" hits="9" branch="false"/>
          </lines>
        </class>
        <class name="functions.R" filename="R/functions.R" line-rate="0.885127635960044" branch-rate="0" complexity="0">
          <methods>
            <method name="compute_reg_sec_weight" signature="" line-rate="1" branch-rate="0" complexity="0">
              <lines>
                <line number="19" hits="44" branch="false"/>
                <line number="20" hits="44" branch="false"/>
                <line number="21" hits="44" branch="false"/>
                <line number="22" hits="44" branch="false"/>
                <line number="26" hits="44" branch="false"/>
                <line number="28" hits="44" branch="false"/>
                <line number="30" hits="44" branch="false"/>
                <line number="32" hits="44" branch="false"/>
                <line number="34" hits="44" branch="false"/>
                <line number="36" hits="44" branch="false"/>
                <line number="38" hits="44" branch="false"/>
                <line number="39" hits="44" branch="false"/>
                <line number="40" hits="44" branch="false"/>
                <line number="43" hits="44" branch="false"/>
                <line number="44" hits="44" branch="false"/>
                <line number="45" hits="44" branch="false"/>
                <line number="46" hits="215" branch="false"/>
                <line number="48" hits="215" branch="false"/>
                <line number="49" hits="215" branch="false"/>
                <line number="50" hits="215" branch="false"/>
                <line number="51" hits="171" branch="false"/>
                <line number="52" hits="171" branch="false"/>
                <line number="55" hits="215" branch="false"/>
                <line number="56" hits="215" branch="false"/>
                <line number="57" hits="215" branch="false"/>
                <line number="58" hits="215" branch="false"/>
                <line number="59" hits="215" branch="false"/>
                <line number="60" hits="215" branch="false"/>
                <line number="62" hits="215" branch="false"/>
                <line number="63" hits="215" branch="false"/>
                <line number="64" hits="215" branch="false"/>
                <line number="68" hits="44" branch="false"/>
                <line number="69" hits="44" branch="false"/>
                <line number="70" hits="44" branch="false"/>
                <line number="73" hits="44" branch="false"/>
              </lines>
            </method>
            <method name="compute_sec_prevsec_weight" signature="" line-rate="0" branch-rate="0" complexity="0">
              <lines>
                <line number="88" hits="0" branch="false"/>
                <line number="89" hits="0" branch="false"/>
                <line number="90" hits="0" branch="false"/>
                <line number="91" hits="0" branch="false"/>
                <line number="95" hits="0" branch="false"/>
                <line number="97" hits="0" branch="false"/>
                <line number="99" hits="0" branch="false"/>
                <line number="101" hits="0" branch="false"/>
                <line number="103" hits="0" branch="false"/>
                <line number="105" hits="0" branch="false"/>
                <line number="107" hits="0" branch="false"/>
                <line number="108" hits="0" branch="false"/>
                <line number="109" hits="0" branch="false"/>
                <line number="112" hits="0" branch="false"/>
                <line number="113" hits="0" branch="false"/>
                <line number="114" hits="0" branch="false"/>
                <line number="116" hits="0" branch="false"/>
                <line number="117" hits="0" branch="false"/>
                <line number="118" hits="0" branch="false"/>
                <line number="119" hits="0" branch="false"/>
                <line number="120" hits="0" branch="false"/>
                <line number="123" hits="0" branch="false"/>
                <line number="124" hits="0" branch="false"/>
                <line number="125" hits="0" branch="false"/>
                <line number="126" hits="0" branch="false"/>
                <line number="127" hits="0" branch="false"/>
                <line number="128" hits="0" branch="false"/>
                <line number="130" hits="0" branch="false"/>
                <line number="131" hits="0" branch="false"/>
                <line number="136" hits="0" branch="false"/>
                <line number="137" hits="0" branch="false"/>
                <line number="138" hits="0" branch="false"/>
                <line number="139" hits="0" branch="false"/>
                <line number="140" hits="0" branch="false"/>
                <line number="141" hits="0" branch="false"/>
                <line number="150" hits="0" branch="false"/>
              </lines>
            </method>
            <method name="handle_warning" signature="" line-rate="0" branch-rate="0" complexity="0">
              <lines>
                <line number="168" hits="0" branch="false"/>
                <line number="169" hits="0" branch="false"/>
                <line number="172" hits="0" branch="false"/>
                <line number="174" hits="0" branch="false"/>
                <line number="175" hits="0" branch="false"/>
                <line number="177" hits="0" branch="false"/>
                <line number="180" hits="0" branch="false"/>
                <line number="184" hits="0" branch="false"/>
                <line number="187" hits="0" branch="false"/>
                <line number="188" hits="0" branch="false"/>
                <line number="189" hits="0" branch="false"/>
                <line number="190" hits="0" branch="false"/>
              </lines>
            </method>
            <method name="left_join_strict" signature="" line-rate="0.5" branch-rate="0" complexity="0">
              <lines>
                <line number="211" hits="645" branch="false"/>
                <line number="214" hits="645" branch="false"/>
                <line number="215" hits="645" branch="false"/>
                <line number="218" hits="645" branch="false"/>
                <line number="219" hits="0" branch="false"/>
                <line number="220" hits="0" branch="false"/>
                <line number="221" hits="0" branch="false"/>
                <line number="222" hits="0" branch="false"/>
                <line number="223" hits="0" branch="false"/>
                <line number="226" hits="645" branch="false"/>
              </lines>
            </method>
            <method name="left_join_error_no_match" signature="" line-rate="0.818181818181818" branch-rate="0" complexity="0">
              <lines>
                <line number="242" hits="82" branch="false"/>
                <line number="243" hits="82" branch="false"/>
                <line number="244" hits="82" branch="false"/>
                <line number="245" hits="82" branch="false"/>
                <line number="246" hits="82" branch="false"/>
                <line number="247" hits="82" branch="false"/>
                <line number="248" hits="0" branch="false"/>
                <line number="250" hits="82" branch="false"/>
                <line number="251" hits="82" branch="false"/>
                <line number="252" hits="0" branch="false"/>
                <line number="254" hits="82" branch="false"/>
              </lines>
            </method>
            <method name="filter_desired_regions" signature="" line-rate="0.833333333333333" branch-rate="0" complexity="0">
              <lines>
                <line number="265" hits="38" branch="false"/>
                <line number="266" hits="38" branch="false"/>
                <line number="267" hits="38" branch="false"/>
                <line number="268" hits="38" branch="false"/>
                <line number="269" hits="38" branch="false"/>
                <line number="270" hits="38" branch="false"/>
                <line number="271" hits="38" branch="false"/>
                <line number="272" hits="38" branch="false"/>
                <line number="273" hits="31" branch="false"/>
                <line number="274" hits="38" branch="false"/>
                <line number="275" hits="0" branch="false"/>
                <line number="276" hits="0" branch="false"/>
              </lines>
            </method>
            <method name="transform_to_xml" signature="" line-rate="1" branch-rate="0" complexity="0">
              <lines>
                <line number="290" hits="42" branch="false"/>
                <line number="291" hits="42" branch="false"/>
                <line number="292" hits="42" branch="false"/>
                <line number="293" hits="42" branch="false"/>
                <line number="294" hits="42" branch="false"/>
                <line number="295" hits="42" branch="false"/>
                <line number="296" hits="42" branch="false"/>
                <line number="297" hits="42" branch="false"/>
              </lines>
            </method>
            <method name="start_with_pattern" signature="" line-rate="1" branch-rate="0" complexity="0">
              <lines>
                <line number="311" hits="55" branch="false"/>
                <line number="312" hits="55" branch="false"/>
              </lines>
            </method>
            <method name="filter_loading_regions" signature="" line-rate="0.675675675675676" branch-rate="0" complexity="0">
              <lines>
                <line number="328" hits="396" branch="false"/>
                <line number="330" hits="396" branch="false"/>
                <line number="333" hits="396" branch="false"/>
                <line number="334" hits="18" branch="false"/>
                <line number="335" hits="18" branch="false"/>
                <line number="336" hits="18" branch="false"/>
                <line number="337" hits="18" branch="false"/>
                <line number="340" hits="18" branch="false"/>
                <line number="341" hits="0" branch="false"/>
                <line number="343" hits="18" branch="false"/>
                <line number="346" hits="18" branch="false"/>
                <line number="347" hits="18" branch="false"/>
                <line number="348" hits="18" branch="false"/>
                <line number="349" hits="18" branch="false"/>
                <line number="350" hits="18" branch="false"/>
                <line number="351" hits="18" branch="false"/>
                <line number="352" hits="18" branch="false"/>
                <line number="353" hits="378" branch="false"/>
                <line number="354" hits="378" branch="false"/>
                <line number="355" hits="378" branch="false"/>
                <line number="356" hits="378" branch="false"/>
                <line number="358" hits="351" branch="false"/>
                <line number="359" hits="351" branch="false"/>
                <line number="360" hits="0" branch="false"/>
                <line number="361" hits="0" branch="false"/>
                <line number="362" hits="0" branch="false"/>
                <line number="363" hits="0" branch="false"/>
                <line number="364" hits="0" branch="false"/>
                <line number="365" hits="0" branch="false"/>
                <line number="366" hits="0" branch="false"/>
                <line number="367" hits="0" branch="false"/>
                <line number="368" hits="0" branch="false"/>
                <line number="369" hits="0" branch="false"/>
                <line number="370" hits="0" branch="false"/>
                <line number="373" hits="351" branch="false"/>
                <line number="374" hits="351" branch="false"/>
                <line number="378" hits="396" branch="false"/>
              </lines>
            </method>
            <method name="filter_variables" signature="" line-rate="1" branch-rate="0" complexity="0">
              <lines>
                <line number="393" hits="572" branch="false"/>
                <line number="395" hits="572" branch="false"/>
                <line number="396" hits="337" branch="false"/>
                <line number="397" hits="90" branch="false"/>
                <line number="398" hits="90" branch="false"/>
                <line number="399" hits="90" branch="false"/>
                <line number="404" hits="572" branch="false"/>
              </lines>
            </method>
            <method name="gather_map" signature="" line-rate="1" branch-rate="0" complexity="0">
              <lines>
                <line number="415" hits="3" branch="false"/>
                <line number="417" hits="3" branch="false"/>
                <line number="418" hits="3" branch="false"/>
                <line number="419" hits="3" branch="false"/>
                <line number="420" hits="3" branch="false"/>
                <line number="421" hits="3" branch="false"/>
                <line number="422" hits="3" branch="false"/>
              </lines>
            </method>
            <method name="conv_ghg_co2e" signature="" line-rate="1" branch-rate="0" complexity="0">
              <lines>
                <line number="437" hits="53" branch="false"/>
                <line number="440" hits="53" branch="false"/>
                <line number="441" hits="53" branch="false"/>
                <line number="443" hits="53" branch="false"/>
                <line number="444" hits="53" branch="false"/>
                <line number="445" hits="53" branch="false"/>
                <line number="446" hits="53" branch="false"/>
                <line number="447" hits="53" branch="false"/>
                <line number="448" hits="53" branch="false"/>
                <line number="449" hits="53" branch="false"/>
                <line number="450" hits="53" branch="false"/>
                <line number="452" hits="53" branch="false"/>
              </lines>
            </method>
            <method name="conv_EJ_GW" signature="" line-rate="1" branch-rate="0" complexity="0">
              <lines>
                <line number="468" hits="29" branch="false"/>
                <line number="469" hits="29" branch="false"/>
                <line number="470" hits="29" branch="false"/>
                <line number="471" hits="29" branch="false"/>
              </lines>
            </method>
            <method name="approx_fun" signature="" line-rate="0.833333333333333" branch-rate="0" complexity="0">
              <lines>
                <line number="485" hits="11883" branch="false"/>
                <line number="486" hits="11880" branch="false"/>
                <line number="487" hits="11880" branch="false"/>
                <line number="488" hits="11880" branch="false"/>
                <line number="489" hits="11880" branch="false"/>
                <line number="490" hits="11880" branch="false"/>
                <line number="491" hits="0" branch="false"/>
                <line number="492" hits="0" branch="false"/>
                <line number="493" hits="11880" branch="false"/>
                <line number="494" hits="11880" branch="false"/>
                <line number="496" hits="3" branch="false"/>
                <line number="498" hits="11880" branch="false"/>
              </lines>
            </method>
            <method name="get_population" signature="" line-rate="1" branch-rate="0" complexity="0">
              <lines>
                <line number="518" hits="13" branch="false"/>
                <line number="520" hits="13" branch="false"/>
                <line number="521" hits="13" branch="false"/>
                <line number="522" hits="13" branch="false"/>
                <line number="523" hits="13" branch="false"/>
                <line number="524" hits="13" branch="false"/>
                <line number="525" hits="13" branch="false"/>
                <line number="526" hits="13" branch="false"/>
                <line number="527" hits="13" branch="false"/>
                <line number="529" hits="13" branch="false"/>
              </lines>
            </method>
            <method name="get_gdp_ppp" signature="" line-rate="1" branch-rate="0" complexity="0">
              <lines>
                <line number="543" hits="13" branch="false"/>
                <line number="545" hits="13" branch="false"/>
                <line number="546" hits="13" branch="false"/>
                <line number="547" hits="13" branch="false"/>
                <line number="548" hits="13" branch="false"/>
                <line number="549" hits="13" branch="false"/>
                <line number="550" hits="13" branch="false"/>
                <line number="551" hits="13" branch="false"/>
                <line number="553" hits="13" branch="false"/>
              </lines>
            </method>
            <method name="get_gdp_mer" signature="" line-rate="1" branch-rate="0" complexity="0">
              <lines>
                <line number="567" hits="13" branch="false"/>
                <line number="569" hits="13" branch="false"/>
                <line number="570" hits="13" branch="false"/>
                <line number="571" hits="13" branch="false"/>
                <line number="572" hits="13" branch="false"/>
                <line number="573" hits="13" branch="false"/>
                <line number="574" hits="13" branch="false"/>
                <line number="575" hits="13" branch="false"/>
                <line number="576" hits="13" branch="false"/>
                <line number="577" hits="13" branch="false"/>
                <line number="579" hits="13" branch="false"/>
              </lines>
            </method>
            <method name="get_forcing" signature="" line-rate="1" branch-rate="0" complexity="0">
              <lines>
                <line number="594" hits="13" branch="false"/>
                <line number="596" hits="13" branch="false"/>
                <line number="597" hits="13" branch="false"/>
                <line number="598" hits="13" branch="false"/>
                <line number="599" hits="13" branch="false"/>
                <line number="600" hits="13" branch="false"/>
                <line number="602" hits="13" branch="false"/>
              </lines>
            </method>
            <method name="get_temperature" signature="" line-rate="1" branch-rate="0" complexity="0">
              <lines>
                <line number="616" hits="13" branch="false"/>
                <line number="618" hits="13" branch="false"/>
                <line number="619" hits="13" branch="false"/>
                <line number="620" hits="13" branch="false"/>
                <line number="621" hits="13" branch="false"/>
                <line number="622" hits="13" branch="false"/>
                <line number="624" hits="13" branch="false"/>
              </lines>
            </method>
            <method name="get_co2_concentration" signature="" line-rate="1" branch-rate="0" complexity="0">
              <lines>
                <line number="638" hits="13" branch="false"/>
                <line number="640" hits="13" branch="false"/>
                <line number="641" hits="13" branch="false"/>
                <line number="642" hits="13" branch="false"/>
                <line number="643" hits="13" branch="false"/>
                <line number="644" hits="13" branch="false"/>
                <line number="646" hits="13" branch="false"/>
              </lines>
            </method>
            <method name="get_co2" signature="" line-rate="1" branch-rate="0" complexity="0">
              <lines>
                <line number="660" hits="44" branch="false"/>
                <line number="661" hits="44" branch="false"/>
                <line number="663" hits="44" branch="false"/>
                <line number="664" hits="44" branch="false"/>
                <line number="667" hits="44" branch="false"/>
                <line number="668" hits="44" branch="false"/>
                <line number="669" hits="14" branch="false"/>
                <line number="670" hits="14" branch="false"/>
                <line number="671" hits="14" branch="false"/>
                <line number="672" hits="14" branch="false"/>
                <line number="673" hits="14" branch="false"/>
                <line number="676" hits="44" branch="false"/>
                <line number="677" hits="44" branch="false"/>
                <line number="678" hits="44" branch="false"/>
                <line number="679" hits="44" branch="false"/>
                <line number="680" hits="44" branch="false"/>
                <line number="681" hits="44" branch="false"/>
                <line number="682" hits="44" branch="false"/>
                <line number="683" hits="44" branch="false"/>
                <line number="684" hits="44" branch="false"/>
                <line number="686" hits="44" branch="false"/>
              </lines>
            </method>
            <method name="get_nonbio_tmp" signature="" line-rate="1" branch-rate="0" complexity="0">
              <lines>
                <line number="706" hits="28" branch="false"/>
                <line number="708" hits="28" branch="false"/>
                <line number="709" hits="28" branch="false"/>
                <line number="710" hits="28" branch="false"/>
                <line number="712" hits="28" branch="false"/>
                <line number="713" hits="28" branch="false"/>
                <line number="715" hits="28" branch="false"/>
                <line number="716" hits="28" branch="false"/>
                <line number="717" hits="28" branch="false"/>
                <line number="718" hits="28" branch="false"/>
                <line number="719" hits="28" branch="false"/>
                <line number="720" hits="28" branch="false"/>
                <line number="722" hits="28" branch="false"/>
              </lines>
            </method>
            <method name="get_co2_tech_nobio_tmp" signature="" line-rate="1" branch-rate="0" complexity="0">
              <lines>
                <line number="736" hits="28" branch="false"/>
                <line number="737" hits="28" branch="false"/>
                <line number="738" hits="28" branch="false"/>
                <line number="740" hits="28" branch="false"/>
                <line number="741" hits="28" branch="false"/>
                <line number="743" hits="28" branch="false"/>
                <line number="744" hits="28" branch="false"/>
                <line number="745" hits="28" branch="false"/>
                <line number="746" hits="28" branch="false"/>
                <line number="747" hits="28" branch="false"/>
                <line number="750" hits="28" branch="false"/>
                <line number="751" hits="9" branch="false"/>
                <line number="752" hits="9" branch="false"/>
                <line number="753" hits="9" branch="false"/>
                <line number="754" hits="9" branch="false"/>
                <line number="755" hits="9" branch="false"/>
                <line number="757" hits="19" branch="false"/>
              </lines>
            </method>
            <method name="get_co2_tech_emissions_tmp" signature="" line-rate="1" branch-rate="0" complexity="0">
              <lines>
                <line number="773" hits="28" branch="false"/>
                <line number="776" hits="28" branch="false"/>
                <line number="777" hits="28" branch="false"/>
                <line number="778" hits="28" branch="false"/>
                <line number="779" hits="28" branch="false"/>
                <line number="780" hits="28" branch="false"/>
                <line number="781" hits="28" branch="false"/>
                <line number="782" hits="28" branch="false"/>
                <line number="783" hits="28" branch="false"/>
                <line number="784" hits="28" branch="false"/>
                <line number="785" hits="28" branch="false"/>
                <line number="786" hits="28" branch="false"/>
                <line number="788" hits="28" branch="false"/>
              </lines>
            </method>
            <method name="get_iron_steel_map" signature="" line-rate="0" branch-rate="0" complexity="0">
              <lines>
                <line number="804" hits="0" branch="false"/>
                <line number="806" hits="0" branch="false"/>
                <line number="807" hits="0" branch="false"/>
                <line number="808" hits="0" branch="false"/>
                <line number="809" hits="0" branch="false"/>
                <line number="810" hits="0" branch="false"/>
                <line number="811" hits="0" branch="false"/>
                <line number="812" hits="0" branch="false"/>
                <line number="813" hits="0" branch="false"/>
                <line number="814" hits="0" branch="false"/>
                <line number="815" hits="0" branch="false"/>
                <line number="816" hits="0" branch="false"/>
                <line number="817" hits="0" branch="false"/>
                <line number="818" hits="0" branch="false"/>
                <line number="820" hits="0" branch="false"/>
              </lines>
            </method>
            <method name="get_co2_iron_steel" signature="" line-rate="0" branch-rate="0" complexity="0">
              <lines>
                <line number="834" hits="0" branch="false"/>
                <line number="836" hits="0" branch="false"/>
                <line number="837" hits="0" branch="false"/>
                <line number="838" hits="0" branch="false"/>
                <line number="839" hits="0" branch="false"/>
                <line number="840" hits="0" branch="false"/>
                <line number="841" hits="0" branch="false"/>
                <line number="842" hits="0" branch="false"/>
                <line number="843" hits="0" branch="false"/>
                <line number="844" hits="0" branch="false"/>
                <line number="845" hits="0" branch="false"/>
                <line number="846" hits="0" branch="false"/>
                <line number="847" hits="0" branch="false"/>
                <line number="848" hits="0" branch="false"/>
                <line number="849" hits="0" branch="false"/>
                <line number="850" hits="0" branch="false"/>
                <line number="851" hits="0" branch="false"/>
                <line number="852" hits="0" branch="false"/>
                <line number="854" hits="0" branch="false"/>
              </lines>
            </method>
            <method name="get_lu_co2" signature="" line-rate="1" branch-rate="0" complexity="0">
              <lines>
                <line number="868" hits="31" branch="false"/>
                <line number="870" hits="31" branch="false"/>
                <line number="872" hits="31" branch="false"/>
                <line number="873" hits="31" branch="false"/>
                <line number="874" hits="31" branch="false"/>
                <line number="875" hits="31" branch="false"/>
                <line number="876" hits="31" branch="false"/>
                <line number="877" hits="31" branch="false"/>
                <line number="878" hits="31" branch="false"/>
                <line number="879" hits="31" branch="false"/>
                <line number="880" hits="31" branch="false"/>
                <line number="881" hits="31" branch="false"/>
                <line number="882" hits="31" branch="false"/>
                <line number="884" hits="31" branch="false"/>
              </lines>
            </method>
            <method name="get_co2_emissions" signature="" line-rate="1" branch-rate="0" complexity="0">
              <lines>
                <line number="897" hits="28" branch="false"/>
                <line number="899" hits="28" branch="false"/>
                <line number="900" hits="28" branch="false"/>
                <line number="901" hits="28" branch="false"/>
                <line number="902" hits="28" branch="false"/>
                <line number="903" hits="28" branch="false"/>
                <line number="904" hits="28" branch="false"/>
                <line number="906" hits="28" branch="false"/>
              </lines>
            </method>
            <method name="get_total_co2_emissions" signature="" line-rate="1" branch-rate="0" complexity="0">
              <lines>
                <line number="918" hits="25" branch="false"/>
                <line number="920" hits="25" branch="false"/>
                <line number="921" hits="25" branch="false"/>
                <line number="922" hits="25" branch="false"/>
                <line number="923" hits="25" branch="false"/>
                <line number="924" hits="25" branch="false"/>
                <line number="925" hits="25" branch="false"/>
                <line number="926" hits="25" branch="false"/>
                <line number="928" hits="25" branch="false"/>
              </lines>
            </method>
            <method name="get_nonco2_emissions" signature="" line-rate="1" branch-rate="0" complexity="0">
              <lines>
                <line number="942" hits="43" branch="false"/>
                <line number="943" hits="43" branch="false"/>
                <line number="945" hits="43" branch="false"/>
                <line number="946" hits="43" branch="false"/>
                <line number="947" hits="43" branch="false"/>
                <line number="949" hits="43" branch="false"/>
                <line number="950" hits="43" branch="false"/>
                <line number="951" hits="43" branch="false"/>
                <line number="952" hits="43" branch="false"/>
                <line number="953" hits="43" branch="false"/>
                <line number="954" hits="43" branch="false"/>
                <line number="955" hits="43" branch="false"/>
                <line number="956" hits="43" branch="false"/>
                <line number="957" hits="43" branch="false"/>
                <line number="958" hits="43" branch="false"/>
                <line number="959" hits="43" branch="false"/>
                <line number="960" hits="43" branch="false"/>
                <line number="962" hits="43" branch="false"/>
              </lines>
            </method>
            <method name="get_fgas" signature="" line-rate="1" branch-rate="0" complexity="0">
              <lines>
                <line number="976" hits="25" branch="false"/>
                <line number="978" hits="25" branch="false"/>
                <line number="979" hits="25" branch="false"/>
                <line number="980" hits="25" branch="false"/>
                <line number="981" hits="25" branch="false"/>
                <line number="982" hits="25" branch="false"/>
                <line number="983" hits="25" branch="false"/>
                <line number="984" hits="25" branch="false"/>
                <line number="985" hits="25" branch="false"/>
                <line number="986" hits="25" branch="false"/>
                <line number="988" hits="25" branch="false"/>
              </lines>
            </method>
            <method name="get_ghg" signature="" line-rate="0" branch-rate="0" complexity="0">
              <lines>
                <line number="1003" hits="0" branch="false"/>
                <line number="1005" hits="0" branch="false"/>
                <line number="1006" hits="0" branch="false"/>
                <line number="1007" hits="0" branch="false"/>
                <line number="1008" hits="0" branch="false"/>
                <line number="1009" hits="0" branch="false"/>
                <line number="1010" hits="0" branch="false"/>
                <line number="1011" hits="0" branch="false"/>
                <line number="1012" hits="0" branch="false"/>
                <line number="1013" hits="0" branch="false"/>
                <line number="1014" hits="0" branch="false"/>
                <line number="1016" hits="0" branch="false"/>
              </lines>
            </method>
            <method name="get_ghg_sector" signature="" line-rate="1" branch-rate="0" complexity="0">
              <lines>
                <line number="1030" hits="28" branch="false"/>
                <line number="1031" hits="28" branch="false"/>
                <line number="1032" hits="28" branch="false"/>
                <line number="1034" hits="28" branch="false"/>
                <line number="1035" hits="28" branch="false"/>
                <line number="1036" hits="28" branch="false"/>
                <line number="1037" hits="28" branch="false"/>
                <line number="1040" hits="28" branch="false"/>
                <line number="1041" hits="28" branch="false"/>
                <line number="1042" hits="28" branch="false"/>
                <line number="1043" hits="28" branch="false"/>
                <line number="1044" hits="28" branch="false"/>
                <line number="1045" hits="28" branch="false"/>
                <line number="1046" hits="28" branch="false"/>
                <line number="1047" hits="28" branch="false"/>
                <line number="1048" hits="28" branch="false"/>
                <line number="1049" hits="28" branch="false"/>
                <line number="1050" hits="28" branch="false"/>
                <line number="1051" hits="28" branch="false"/>
                <line number="1053" hits="28" branch="false"/>
                <line number="1054" hits="9" branch="false"/>
                <line number="1055" hits="9" branch="false"/>
                <line number="1056" hits="9" branch="false"/>
                <line number="1057" hits="9" branch="false"/>
                <line number="1058" hits="9" branch="false"/>
                <line number="1061" hits="28" branch="false"/>
                <line number="1062" hits="28" branch="false"/>
                <line number="1063" hits="28" branch="false"/>
                <line number="1064" hits="28" branch="false"/>
                <line number="1065" hits="28" branch="false"/>
                <line number="1066" hits="28" branch="false"/>
                <line number="1067" hits="28" branch="false"/>
                <line number="1068" hits="28" branch="false"/>
                <line number="1069" hits="28" branch="false"/>
                <line number="1070" hits="28" branch="false"/>
                <line number="1071" hits="28" branch="false"/>
                <line number="1072" hits="28" branch="false"/>
                <line number="1073" hits="28" branch="false"/>
                <line number="1074" hits="28" branch="false"/>
                <line number="1075" hits="28" branch="false"/>
                <line number="1077" hits="28" branch="false"/>
              </lines>
            </method>
            <method name="get_co2_sequestration" signature="" line-rate="1" branch-rate="0" complexity="0">
              <lines>
                <line number="1091" hits="13" branch="false"/>
                <line number="1093" hits="13" branch="false"/>
                <line number="1094" hits="13" branch="false"/>
                <line number="1095" hits="13" branch="false"/>
                <line number="1096" hits="13" branch="false"/>
                <line number="1097" hits="13" branch="false"/>
                <line number="1098" hits="13" branch="false"/>
                <line number="1099" hits="13" branch="false"/>
                <line number="1100" hits="13" branch="false"/>
                <line number="1101" hits="13" branch="false"/>
                <line number="1102" hits="13" branch="false"/>
                <line number="1103" hits="13" branch="false"/>
                <line number="1104" hits="13" branch="false"/>
                <line number="1105" hits="13" branch="false"/>
                <line number="1106" hits="13" branch="false"/>
                <line number="1107" hits="13" branch="false"/>
                <line number="1108" hits="13" branch="false"/>
                <line number="1109" hits="13" branch="false"/>
                <line number="1111" hits="13" branch="false"/>
              </lines>
            </method>
            <method name="get_ag_demand" signature="" line-rate="1" branch-rate="0" complexity="0">
              <lines>
                <line number="1127" hits="5" branch="false"/>
                <line number="1129" hits="5" branch="false"/>
                <line number="1130" hits="5" branch="false"/>
                <line number="1131" hits="5" branch="false"/>
                <line number="1132" hits="5" branch="false"/>
                <line number="1133" hits="5" branch="false"/>
                <line number="1135" hits="5" branch="false"/>
                <line number="1136" hits="5" branch="false"/>
                <line number="1137" hits="5" branch="false"/>
                <line number="1138" hits="5" branch="false"/>
                <line number="1139" hits="5" branch="false"/>
                <line number="1140" hits="5" branch="false"/>
                <line number="1141" hits="5" branch="false"/>
                <line number="1142" hits="5" branch="false"/>
                <line number="1143" hits="5" branch="false"/>
                <line number="1144" hits="5" branch="false"/>
                <line number="1146" hits="5" branch="false"/>
              </lines>
            </method>
            <method name="get_ag_production" signature="" line-rate="1" branch-rate="0" complexity="0">
              <lines>
                <line number="1159" hits="16" branch="false"/>
                <line number="1160" hits="16" branch="false"/>
                <line number="1162" hits="16" branch="false"/>
                <line number="1163" hits="16" branch="false"/>
                <line number="1164" hits="16" branch="false"/>
                <line number="1167" hits="16" branch="false"/>
                <line number="1168" hits="16" branch="false"/>
                <line number="1169" hits="16" branch="false"/>
                <line number="1170" hits="16" branch="false"/>
                <line number="1171" hits="16" branch="false"/>
                <line number="1173" hits="16" branch="false"/>
              </lines>
            </method>
            <method name="get_land" signature="" line-rate="1" branch-rate="0" complexity="0">
              <lines>
                <line number="1187" hits="13" branch="false"/>
                <line number="1189" hits="13" branch="false"/>
                <line number="1190" hits="13" branch="false"/>
                <line number="1191" hits="13" branch="false"/>
                <line number="1192" hits="13" branch="false"/>
                <line number="1193" hits="13" branch="false"/>
                <line number="1194" hits="13" branch="false"/>
                <line number="1195" hits="13" branch="false"/>
                <line number="1196" hits="13" branch="false"/>
                <line number="1197" hits="13" branch="false"/>
                <line number="1198" hits="13" branch="false"/>
                <line number="1200" hits="13" branch="false"/>
              </lines>
            </method>
            <method name="get_primary_energy" signature="" line-rate="1" branch-rate="0" complexity="0">
              <lines>
                <line number="1215" hits="13" branch="false"/>
                <line number="1217" hits="13" branch="false"/>
                <line number="1218" hits="13" branch="false"/>
                <line number="1219" hits="13" branch="false"/>
                <line number="1220" hits="13" branch="false"/>
                <line number="1221" hits="13" branch="false"/>
                <line number="1222" hits="13" branch="false"/>
                <line number="1223" hits="13" branch="false"/>
                <line number="1224" hits="13" branch="false"/>
                <line number="1225" hits="13" branch="false"/>
                <line number="1226" hits="13" branch="false"/>
                <line number="1227" hits="13" branch="false"/>
                <line number="1228" hits="13" branch="false"/>
                <line number="1229" hits="13" branch="false"/>
                <line number="1230" hits="13" branch="false"/>
                <line number="1231" hits="13" branch="false"/>
                <line number="1232" hits="13" branch="false"/>
                <line number="1233" hits="13" branch="false"/>
                <line number="1234" hits="13" branch="false"/>
                <line number="1236" hits="13" branch="false"/>
              </lines>
            </method>
            <method name="get_energy_trade_prod" signature="" line-rate="1" branch-rate="0" complexity="0">
              <lines>
                <line number="1248" hits="13" branch="false"/>
                <line number="1250" hits="13" branch="false"/>
                <line number="1251" hits="13" branch="false"/>
                <line number="1252" hits="13" branch="false"/>
                <line number="1253" hits="13" branch="false"/>
                <line number="1254" hits="13" branch="false"/>
                <line number="1255" hits="13" branch="false"/>
                <line number="1256" hits="13" branch="false"/>
                <line number="1257" hits="13" branch="false"/>
                <line number="1258" hits="13" branch="false"/>
                <line number="1259" hits="13" branch="false"/>
                <line number="1260" hits="13" branch="false"/>
                <line number="1262" hits="13" branch="false"/>
              </lines>
            </method>
            <method name="get_energy_trade_tmp" signature="" line-rate="1" branch-rate="0" complexity="0">
              <lines>
                <line number="1274" hits="13" branch="false"/>
                <line number="1276" hits="13" branch="false"/>
                <line number="1277" hits="13" branch="false"/>
                <line number="1278" hits="13" branch="false"/>
                <line number="1279" hits="13" branch="false"/>
                <line number="1280" hits="13" branch="false"/>
                <line number="1281" hits="13" branch="false"/>
                <line number="1282" hits="13" branch="false"/>
                <line number="1283" hits="13" branch="false"/>
                <line number="1284" hits="13" branch="false"/>
                <line number="1286" hits="13" branch="false"/>
              </lines>
            </method>
            <method name="get_energy_trade" signature="" line-rate="1" branch-rate="0" complexity="0">
              <lines>
                <line number="1298" hits="13" branch="false"/>
                <line number="1300" hits="13" branch="false"/>
                <line number="1301" hits="13" branch="false"/>
                <line number="1302" hits="13" branch="false"/>
                <line number="1303" hits="13" branch="false"/>
                <line number="1304" hits="13" branch="false"/>
                <line number="1305" hits="13" branch="false"/>
                <line number="1306" hits="13" branch="false"/>
                <line number="1307" hits="13" branch="false"/>
                <line number="1308" hits="13" branch="false"/>
                <line number="1309" hits="13" branch="false"/>
                <line number="1310" hits="13" branch="false"/>
                <line number="1311" hits="13" branch="false"/>
                <line number="1313" hits="13" branch="false"/>
              </lines>
            </method>
            <method name="get_elec_gen_tech" signature="" line-rate="1" branch-rate="0" complexity="0">
              <lines>
                <line number="1327" hits="16" branch="false"/>
                <line number="1328" hits="16" branch="false"/>
                <line number="1330" hits="16" branch="false"/>
                <line number="1331" hits="16" branch="false"/>
                <line number="1332" hits="16" branch="false"/>
                <line number="1333" hits="16" branch="false"/>
                <line number="1334" hits="16" branch="false"/>
                <line number="1335" hits="16" branch="false"/>
                <line number="1336" hits="16" branch="false"/>
                <line number="1337" hits="16" branch="false"/>
                <line number="1338" hits="16" branch="false"/>
                <line number="1339" hits="16" branch="false"/>
                <line number="1340" hits="16" branch="false"/>
                <line number="1341" hits="16" branch="false"/>
                <line number="1342" hits="16" branch="false"/>
                <line number="1343" hits="16" branch="false"/>
                <line number="1345" hits="16" branch="false"/>
              </lines>
            </method>
            <method name="get_secondary_solids" signature="" line-rate="1" branch-rate="0" complexity="0">
              <lines>
                <line number="1357" hits="13" branch="false"/>
                <line number="1359" hits="13" branch="false"/>
                <line number="1360" hits="13" branch="false"/>
                <line number="1361" hits="13" branch="false"/>
                <line number="1362" hits="13" branch="false"/>
                <line number="1363" hits="13" branch="false"/>
                <line number="1364" hits="13" branch="false"/>
                <line number="1365" hits="13" branch="false"/>
                <line number="1366" hits="13" branch="false"/>
                <line number="1367" hits="13" branch="false"/>
                <line number="1368" hits="13" branch="false"/>
                <line number="1369" hits="13" branch="false"/>
                <line number="1370" hits="13" branch="false"/>
                <line number="1371" hits="13" branch="false"/>
                <line number="1372" hits="13" branch="false"/>
                <line number="1373" hits="13" branch="false"/>
                <line number="1374" hits="13" branch="false"/>
                <line number="1375" hits="13" branch="false"/>
                <line number="1377" hits="13" branch="false"/>
              </lines>
            </method>
            <method name="get_se_gen_tech" signature="" line-rate="1" branch-rate="0" complexity="0">
              <lines>
                <line number="1390" hits="13" branch="false"/>
                <line number="1392" hits="13" branch="false"/>
                <line number="1393" hits="13" branch="false"/>
                <line number="1394" hits="13" branch="false"/>
                <line number="1395" hits="13" branch="false"/>
                <line number="1396" hits="13" branch="false"/>
                <line number="1397" hits="13" branch="false"/>
                <line number="1398" hits="13" branch="false"/>
                <line number="1399" hits="13" branch="false"/>
                <line number="1400" hits="13" branch="false"/>
                <line number="1401" hits="13" branch="false"/>
                <line number="1402" hits="13" branch="false"/>
                <line number="1403" hits="13" branch="false"/>
                <line number="1404" hits="13" branch="false"/>
                <line number="1405" hits="13" branch="false"/>
                <line number="1406" hits="13" branch="false"/>
                <line number="1407" hits="13" branch="false"/>
                <line number="1408" hits="13" branch="false"/>
                <line number="1409" hits="13" branch="false"/>
                <line number="1410" hits="13" branch="false"/>
                <line number="1412" hits="13" branch="false"/>
              </lines>
            </method>
            <method name="get_fe_sector_tmp" signature="" line-rate="1" branch-rate="0" complexity="0">
              <lines>
                <line number="1429" hits="32" branch="false"/>
                <line number="1430" hits="32" branch="false"/>
                <line number="1433" hits="32" branch="false"/>
                <line number="1434" hits="32" branch="false"/>
                <line number="1435" hits="32" branch="false"/>
                <line number="1436" hits="10" branch="false"/>
                <line number="1437" hits="10" branch="false"/>
                <line number="1438" hits="10" branch="false"/>
                <line number="1439" hits="10" branch="false"/>
                <line number="1440" hits="10" branch="false"/>
                <line number="1443" hits="32" branch="false"/>
                <line number="1444" hits="32" branch="false"/>
                <line number="1445" hits="32" branch="false"/>
                <line number="1446" hits="32" branch="false"/>
                <line number="1447" hits="32" branch="false"/>
                <line number="1448" hits="32" branch="false"/>
                <line number="1449" hits="32" branch="false"/>
                <line number="1450" hits="32" branch="false"/>
                <line number="1451" hits="32" branch="false"/>
                <line number="1452" hits="32" branch="false"/>
                <line number="1453" hits="32" branch="false"/>
                <line number="1454" hits="32" branch="false"/>
                <line number="1455" hits="32" branch="false"/>
                <line number="1456" hits="32" branch="false"/>
                <line number="1457" hits="32" branch="false"/>
                <line number="1459" hits="32" branch="false"/>
              </lines>
            </method>
            <method name="get_fe_transportation_tmp" signature="" line-rate="1" branch-rate="0" complexity="0">
              <lines>
                <line number="1472" hits="32" branch="false"/>
                <line number="1474" hits="32" branch="false"/>
                <line number="1475" hits="32" branch="false"/>
                <line number="1476" hits="32" branch="false"/>
                <line number="1477" hits="32" branch="false"/>
                <line number="1478" hits="32" branch="false"/>
                <line number="1479" hits="32" branch="false"/>
                <line number="1480" hits="32" branch="false"/>
                <line number="1481" hits="32" branch="false"/>
                <line number="1482" hits="32" branch="false"/>
                <line number="1483" hits="32" branch="false"/>
                <line number="1484" hits="32" branch="false"/>
                <line number="1485" hits="32" branch="false"/>
                <line number="1486" hits="32" branch="false"/>
                <line number="1487" hits="32" branch="false"/>
                <line number="1488" hits="32" branch="false"/>
                <line number="1489" hits="32" branch="false"/>
                <line number="1490" hits="32" branch="false"/>
                <line number="1492" hits="32" branch="false"/>
              </lines>
            </method>
            <method name="get_fe_sector" signature="" line-rate="1" branch-rate="0" complexity="0">
              <lines>
                <line number="1508" hits="32" branch="false"/>
                <line number="1510" hits="32" branch="false"/>
                <line number="1511" hits="32" branch="false"/>
                <line number="1512" hits="32" branch="false"/>
                <line number="1513" hits="32" branch="false"/>
                <line number="1514" hits="32" branch="false"/>
                <line number="1516" hits="32" branch="false"/>
              </lines>
            </method>
            <method name="get_energy_service_transportation" signature="" line-rate="1" branch-rate="0" complexity="0">
              <lines>
                <line number="1531" hits="13" branch="false"/>
                <line number="1533" hits="13" branch="false"/>
                <line number="1534" hits="13" branch="false"/>
                <line number="1535" hits="13" branch="false"/>
                <line number="1536" hits="13" branch="false"/>
                <line number="1537" hits="13" branch="false"/>
                <line number="1538" hits="13" branch="false"/>
                <line number="1539" hits="13" branch="false"/>
                <line number="1540" hits="13" branch="false"/>
                <line number="1541" hits="13" branch="false"/>
                <line number="1542" hits="13" branch="false"/>
                <line number="1543" hits="13" branch="false"/>
                <line number="1545" hits="13" branch="false"/>
              </lines>
            </method>
            <method name="get_energy_service_buildings" signature="" line-rate="1" branch-rate="0" complexity="0">
              <lines>
                <line number="1558" hits="13" branch="false"/>
                <line number="1559" hits="13" branch="false"/>
                <line number="1562" hits="13" branch="false"/>
                <line number="1563" hits="13" branch="false"/>
                <line number="1564" hits="4" branch="false"/>
                <line number="1565" hits="4" branch="false"/>
                <line number="1566" hits="4" branch="false"/>
                <line number="1567" hits="4" branch="false"/>
                <line number="1568" hits="4" branch="false"/>
                <line number="1571" hits="13" branch="false"/>
                <line number="1572" hits="13" branch="false"/>
                <line number="1573" hits="13" branch="false"/>
                <line number="1574" hits="13" branch="false"/>
                <line number="1575" hits="13" branch="false"/>
                <line number="1576" hits="13" branch="false"/>
                <line number="1577" hits="13" branch="false"/>
                <line number="1578" hits="13" branch="false"/>
                <line number="1579" hits="13" branch="false"/>
                <line number="1580" hits="13" branch="false"/>
                <line number="1582" hits="13" branch="false"/>
              </lines>
            </method>
            <method name="get_industry_production" signature="" line-rate="1" branch-rate="0" complexity="0">
              <lines>
                <line number="1599" hits="13" branch="false"/>
                <line number="1601" hits="13" branch="false"/>
                <line number="1602" hits="13" branch="false"/>
                <line number="1603" hits="13" branch="false"/>
                <line number="1604" hits="13" branch="false"/>
                <line number="1605" hits="13" branch="false"/>
                <line number="1607" hits="13" branch="false"/>
                <line number="1608" hits="13" branch="false"/>
                <line number="1609" hits="13" branch="false"/>
                <line number="1610" hits="13" branch="false"/>
                <line number="1611" hits="13" branch="false"/>
                <line number="1613" hits="13" branch="false"/>
              </lines>
            </method>
            <method name="get_iron_steel_imports" signature="" line-rate="1" branch-rate="0" complexity="0">
              <lines>
                <line number="1625" hits="8" branch="false"/>
                <line number="1627" hits="8" branch="false"/>
                <line number="1628" hits="8" branch="false"/>
                <line number="1629" hits="8" branch="false"/>
                <line number="1630" hits="8" branch="false"/>
                <line number="1632" hits="8" branch="false"/>
                <line number="1633" hits="8" branch="false"/>
                <line number="1634" hits="8" branch="false"/>
                <line number="1635" hits="8" branch="false"/>
                <line number="1637" hits="8" branch="false"/>
              </lines>
            </method>
            <method name="get_iron_steel_exports" signature="" line-rate="1" branch-rate="0" complexity="0">
              <lines>
                <line number="1649" hits="8" branch="false"/>
                <line number="1651" hits="8" branch="false"/>
                <line number="1652" hits="8" branch="false"/>
                <line number="1653" hits="8" branch="false"/>
                <line number="1655" hits="8" branch="false"/>
                <line number="1656" hits="8" branch="false"/>
                <line number="1658" hits="8" branch="false"/>
                <line number="1659" hits="8" branch="false"/>
                <line number="1660" hits="8" branch="false"/>
                <line number="1661" hits="8" branch="false"/>
                <line number="1663" hits="8" branch="false"/>
              </lines>
            </method>
            <method name="get_iron_steel_clean" signature="" line-rate="1" branch-rate="0" complexity="0">
              <lines>
                <line number="1674" hits="8" branch="false"/>
                <line number="1676" hits="8" branch="false"/>
                <line number="1677" hits="8" branch="false"/>
                <line number="1678" hits="8" branch="false"/>
                <line number="1679" hits="8" branch="false"/>
                <line number="1681" hits="8" branch="false"/>
              </lines>
            </method>
            <method name="get_ag_prices_wld_tmp" signature="" line-rate="1" branch-rate="0" complexity="0">
              <lines>
                <line number="1696" hits="5" branch="false"/>
                <line number="1697" hits="5" branch="false"/>
                <line number="1698" hits="5" branch="false"/>
                <line number="1701" hits="5" branch="false"/>
                <line number="1703" hits="5" branch="false"/>
                <line number="1704" hits="5" branch="false"/>
                <line number="1705" hits="5" branch="false"/>
                <line number="1706" hits="5" branch="false"/>
                <line number="1707" hits="5" branch="false"/>
                <line number="1708" hits="5" branch="false"/>
                <line number="1709" hits="5" branch="false"/>
                <line number="1711" hits="5" branch="false"/>
                <line number="1712" hits="5" branch="false"/>
                <line number="1713" hits="5" branch="false"/>
                <line number="1714" hits="5" branch="false"/>
                <line number="1716" hits="5" branch="false"/>
                <line number="1717" hits="5" branch="false"/>
                <line number="1718" hits="5" branch="false"/>
                <line number="1720" hits="5" branch="false"/>
                <line number="1721" hits="5" branch="false"/>
                <line number="1722" hits="5" branch="false"/>
                <line number="1723" hits="5" branch="false"/>
                <line number="1724" hits="5" branch="false"/>
                <line number="1725" hits="5" branch="false"/>
                <line number="1726" hits="5" branch="false"/>
                <line number="1727" hits="5" branch="false"/>
                <line number="1728" hits="5" branch="false"/>
                <line number="1729" hits="5" branch="false"/>
                <line number="1730" hits="5" branch="false"/>
                <line number="1732" hits="5" branch="false"/>
                <line number="1733" hits="5" branch="false"/>
                <line number="1734" hits="5" branch="false"/>
                <line number="1735" hits="5" branch="false"/>
                <line number="1737" hits="5" branch="false"/>
              </lines>
            </method>
            <method name="get_ag_prices" signature="" line-rate="1" branch-rate="0" complexity="0">
              <lines>
                <line number="1750" hits="5" branch="false"/>
                <line number="1752" hits="5" branch="false"/>
                <line number="1753" hits="5" branch="false"/>
                <line number="1754" hits="5" branch="false"/>
                <line number="1755" hits="5" branch="false"/>
                <line number="1756" hits="5" branch="false"/>
[...]
            <line number="200" hits="33" branch="false"/>
            <line number="201" hits="33" branch="false"/>
            <line number="202" hits="33" branch="false"/>
            <line number="203" hits="33" branch="false"/>
            <line number="204" hits="33" branch="false"/>
            <line number="205" hits="33" branch="false"/>
            <line number="208" hits="33" branch="false"/>
            <line number="209" hits="33" branch="false"/>
            <line number="210" hits="33" branch="false"/>
            <line number="211" hits="33" branch="false"/>
            <line number="212" hits="903" branch="false"/>
            <line number="213" hits="903" branch="false"/>
            <line number="214" hits="903" branch="false"/>
            <line number="215" hits="903" branch="false"/>
            <line number="216" hits="903" branch="false"/>
            <line number="217" hits="903" branch="false"/>
            <line number="218" hits="903" branch="false"/>
            <line number="219" hits="903" branch="false"/>
            <line number="221" hits="33" branch="false"/>
            <line number="224" hits="33" branch="false"/>
            <line number="225" hits="33" branch="false"/>
            <line number="228" hits="3" branch="false"/>
            <line number="229" hits="3" branch="false"/>
            <line number="233" hits="36" branch="false"/>
            <line number="234" hits="36" branch="false"/>
            <line number="236" hits="36" branch="false"/>
            <line number="237" hits="211" branch="false"/>
            <line number="239" hits="211" branch="false"/>
            <line number="242" hits="211" branch="false"/>
            <line number="243" hits="60" branch="false"/>
            <line number="246" hits="211" branch="false"/>
            <line number="247" hits="211" branch="false"/>
            <line number="248" hits="211" branch="false"/>
            <line number="249" hits="211" branch="false"/>
            <line number="250" hits="199" branch="false"/>
            <line number="251" hits="199" branch="false"/>
            <line number="252" hits="199" branch="false"/>
            <line number="253" hits="199" branch="false"/>
            <line number="254" hits="199" branch="false"/>
            <line number="255" hits="199" branch="false"/>
            <line number="256" hits="163" branch="false"/>
            <line number="258" hits="36" branch="false"/>
            <line number="260" hits="199" branch="false"/>
            <line number="262" hits="12" branch="false"/>
            <line number="266" hits="36" branch="false"/>
            <line number="267" hits="0" branch="false"/>
            <line number="271" hits="36" branch="false"/>
            <line number="273" hits="36" branch="false"/>
            <line number="274" hits="36" branch="false"/>
            <line number="275" hits="36" branch="false"/>
            <line number="278" hits="0" branch="false"/>
            <line number="280" hits="30" branch="false"/>
            <line number="281" hits="30" branch="false"/>
            <line number="282" hits="30" branch="false"/>
            <line number="283" hits="30" branch="false"/>
            <line number="284" hits="30" branch="false"/>
            <line number="285" hits="30" branch="false"/>
            <line number="287" hits="30" branch="false"/>
            <line number="288" hits="30" branch="false"/>
            <line number="290" hits="0" branch="false"/>
            <line number="292" hits="30" branch="false"/>
            <line number="294" hits="36" branch="false"/>
            <line number="295" hits="36" branch="false"/>
            <line number="296" hits="36" branch="false"/>
            <line number="299" hits="0" branch="false"/>
            <line number="301" hits="6" branch="false"/>
            <line number="302" hits="6" branch="false"/>
            <line number="303" hits="6" branch="false"/>
            <line number="304" hits="6" branch="false"/>
            <line number="305" hits="6" branch="false"/>
            <line number="306" hits="6" branch="false"/>
            <line number="307" hits="6" branch="false"/>
            <line number="308" hits="6" branch="false"/>
            <line number="310" hits="0" branch="false"/>
            <line number="312" hits="6" branch="false"/>
            <line number="316" hits="36" branch="false"/>
            <line number="317" hits="36" branch="false"/>
            <line number="319" hits="0" branch="false"/>
            <line number="321" hits="12" branch="false"/>
            <line number="322" hits="12" branch="false"/>
            <line number="323" hits="12" branch="false"/>
            <line number="324" hits="12" branch="false"/>
            <line number="325" hits="12" branch="false"/>
            <line number="326" hits="12" branch="false"/>
            <line number="327" hits="12" branch="false"/>
            <line number="328" hits="12" branch="false"/>
            <line number="329" hits="12" branch="false"/>
            <line number="330" hits="12" branch="false"/>
            <line number="331" hits="12" branch="false"/>
            <line number="332" hits="12" branch="false"/>
            <line number="333" hits="12" branch="false"/>
            <line number="334" hits="12" branch="false"/>
            <line number="336" hits="0" branch="false"/>
            <line number="338" hits="12" branch="false"/>
            <line number="342" hits="36" branch="false"/>
            <line number="343" hits="36" branch="false"/>
            <line number="345" hits="36" branch="false"/>
            <line number="347" hits="36" branch="false"/>
            <line number="368" hits="1448" branch="false"/>
            <line number="369" hits="367" branch="false"/>
            <line number="373" hits="1081" branch="false"/>
            <line number="374" hits="523" branch="false"/>
            <line number="375" hits="883" branch="false"/>
            <line number="380" hits="1081" branch="false"/>
            <line number="383" hits="1081" branch="false"/>
            <line number="384" hits="1081" branch="false"/>
            <line number="385" hits="53" branch="false"/>
            <line number="386" hits="1028" branch="false"/>
            <line number="387" hits="812" branch="false"/>
            <line number="388" hits="216" branch="false"/>
            <line number="389" hits="0" branch="false"/>
            <line number="391" hits="216" branch="false"/>
            <line number="395" hits="1081" branch="false"/>
            <line number="415" hits="2688" branch="false"/>
            <line number="416" hits="927" branch="false"/>
            <line number="417" hits="1785" branch="false"/>
            <line number="418" hits="1785" branch="false"/>
            <line number="419" hits="1785" branch="false"/>
            <line number="420" hits="1785" branch="false"/>
            <line number="421" hits="1785" branch="false"/>
            <line number="422" hits="1785" branch="false"/>
            <line number="427" hits="2688" branch="false"/>
            <line number="428" hits="2688" branch="false"/>
            <line number="445" hits="36" branch="false"/>
            <line number="447" hits="36" branch="false"/>
            <line number="448" hits="36" branch="false"/>
            <line number="450" hits="36" branch="false"/>
            <line number="451" hits="3" branch="false"/>
            <line number="452" hits="99" branch="false"/>
            <line number="456" hits="36" branch="false"/>
            <line number="473" hits="15" branch="false"/>
            <line number="475" hits="15" branch="false"/>
            <line number="477" hits="15" branch="false"/>
            <line number="478" hits="3" branch="false"/>
            <line number="479" hits="18" branch="false"/>
            <line number="483" hits="15" branch="false"/>
            <line number="500" hits="122" branch="false"/>
            <line number="502" hits="122" branch="false"/>
            <line number="503" hits="122" branch="false"/>
            <line number="505" hits="122" branch="false"/>
            <line number="506" hits="3" branch="false"/>
            <line number="507" hits="1600" branch="false"/>
            <line number="511" hits="122" branch="false"/>
            <line number="554" hits="146" branch="false"/>
            <line number="557" hits="146" branch="false"/>
            <line number="560" hits="146" branch="false"/>
            <line number="561" hits="143" branch="false"/>
            <line number="562" hits="3" branch="false"/>
            <line number="563" hits="3" branch="false"/>
            <line number="564" hits="3" branch="false"/>
            <line number="565" hits="3" branch="false"/>
            <line number="568" hits="3" branch="false"/>
            <line number="569" hits="3" branch="false"/>
            <line number="570" hits="3" branch="false"/>
            <line number="571" hits="3" branch="false"/>
            <line number="575" hits="140" branch="false"/>
            <line number="576" hits="137" branch="false"/>
            <line number="577" hits="3" branch="false"/>
            <line number="578" hits="3" branch="false"/>
            <line number="579" hits="3" branch="false"/>
            <line number="580" hits="3" branch="false"/>
            <line number="583" hits="3" branch="false"/>
            <line number="584" hits="3" branch="false"/>
            <line number="585" hits="3" branch="false"/>
            <line number="586" hits="3" branch="false"/>
            <line number="590" hits="134" branch="false"/>
            <line number="591" hits="3" branch="false"/>
            <line number="592" hits="3" branch="false"/>
            <line number="593" hits="3" branch="false"/>
            <line number="596" hits="131" branch="false"/>
            <line number="597" hits="3" branch="false"/>
            <line number="598" hits="3" branch="false"/>
            <line number="599" hits="3" branch="false"/>
            <line number="603" hits="128" branch="false"/>
            <line number="604" hits="3" branch="false"/>
            <line number="608" hits="125" branch="false"/>
            <line number="609" hits="33" branch="false"/>
            <line number="610" hits="33" branch="false"/>
            <line number="611" hits="6" branch="false"/>
            <line number="612" hits="6" branch="false"/>
            <line number="613" hits="3" branch="false"/>
            <line number="614" hits="3" branch="false"/>
            <line number="615" hits="3" branch="false"/>
            <line number="620" hits="119" branch="false"/>
            <line number="621" hits="12" branch="false"/>
            <line number="622" hits="12" branch="false"/>
            <line number="623" hits="6" branch="false"/>
            <line number="624" hits="6" branch="false"/>
            <line number="625" hits="3" branch="false"/>
            <line number="626" hits="3" branch="false"/>
            <line number="627" hits="3" branch="false"/>
            <line number="628" hits="3" branch="false"/>
            <line number="629" hits="3" branch="false"/>
            <line number="632" hits="6" branch="false"/>
            <line number="633" hits="6" branch="false"/>
            <line number="634" hits="6" branch="false"/>
            <line number="637" hits="113" branch="false"/>
            <line number="638" hits="70" branch="false"/>
            <line number="641" hits="70" branch="false"/>
            <line number="642" hits="70" branch="false"/>
            <line number="643" hits="52" branch="false"/>
            <line number="644" hits="52" branch="false"/>
            <line number="646" hits="52" branch="false"/>
            <line number="647" hits="52" branch="false"/>
            <line number="648" hits="55" branch="false"/>
            <line number="649" hits="55" branch="false"/>
            <line number="651" hits="9" branch="false"/>
            <line number="652" hits="55" branch="false"/>
            <line number="654" hits="52" branch="false"/>
            <line number="655" hits="3" branch="false"/>
            <line number="656" hits="3" branch="false"/>
            <line number="657" hits="3" branch="false"/>
            <line number="658" hits="3" branch="false"/>
            <line number="659" hits="3" branch="false"/>
            <line number="660" hits="49" branch="false"/>
            <line number="661" hits="3" branch="false"/>
            <line number="662" hits="3" branch="false"/>
            <line number="663" hits="3" branch="false"/>
            <line number="664" hits="3" branch="false"/>
            <line number="665" hits="3" branch="false"/>
            <line number="669" hits="46" branch="false"/>
            <line number="670" hits="46" branch="false"/>
            <line number="674" hits="64" branch="false"/>
            <line number="675" hits="64" branch="false"/>
            <line number="676" hits="6" branch="false"/>
            <line number="677" hits="6" branch="false"/>
            <line number="678" hits="3" branch="false"/>
            <line number="679" hits="3" branch="false"/>
            <line number="680" hits="3" branch="false"/>
            <line number="681" hits="3" branch="false"/>
            <line number="682" hits="3" branch="false"/>
            <line number="685" hits="58" branch="false"/>
            <line number="686" hits="0" branch="false"/>
            <line number="687" hits="0" branch="false"/>
            <line number="688" hits="0" branch="false"/>
            <line number="689" hits="0" branch="false"/>
            <line number="690" hits="0" branch="false"/>
            <line number="691" hits="0" branch="false"/>
            <line number="692" hits="0" branch="false"/>
            <line number="698" hits="101" branch="false"/>
            <line number="700" hits="3" branch="false"/>
            <line number="704" hits="98" branch="false"/>
            <line number="706" hits="44" branch="false"/>
            <line number="707" hits="44" branch="false"/>
            <line number="709" hits="38" branch="false"/>
            <line number="713" hits="3" branch="false"/>
            <line number="714" hits="3" branch="false"/>
            <line number="717" hits="48" branch="false"/>
            <line number="718" hits="48" branch="false"/>
            <line number="719" hits="48" branch="false"/>
            <line number="720" hits="48" branch="false"/>
            <line number="721" hits="48" branch="false"/>
            <line number="722" hits="48" branch="false"/>
            <line number="727" hits="71" branch="false"/>
            <line number="730" hits="71" branch="false"/>
            <line number="733" hits="71" branch="false"/>
            <line number="734" hits="71" branch="false"/>
            <line number="735" hits="71" branch="false"/>
            <line number="736" hits="71" branch="false"/>
            <line number="737" hits="71" branch="false"/>
            <line number="738" hits="71" branch="false"/>
            <line number="741" hits="71" branch="false"/>
            <line number="742" hits="13" branch="false"/>
            <line number="744" hits="58" branch="false"/>
            <line number="745" hits="58" branch="false"/>
            <line number="746" hits="58" branch="false"/>
            <line number="747" hits="58" branch="false"/>
            <line number="748" hits="58" branch="false"/>
            <line number="749" hits="58" branch="false"/>
            <line number="750" hits="58" branch="false"/>
            <line number="753" hits="71" branch="false"/>
            <line number="756" hits="71" branch="false"/>
            <line number="757" hits="71" branch="false"/>
            <line number="758" hits="71" branch="false"/>
            <line number="759" hits="71" branch="false"/>
            <line number="762" hits="71" branch="false"/>
            <line number="763" hits="71" branch="false"/>
            <line number="764" hits="71" branch="false"/>
            <line number="765" hits="71" branch="false"/>
            <line number="766" hits="4828" branch="false"/>
            <line number="767" hits="562" branch="false"/>
            <line number="772" hits="71" branch="false"/>
            <line number="773" hits="71" branch="false"/>
            <line number="774" hits="38" branch="false"/>
            <line number="775" hits="38" branch="false"/>
            <line number="777" hits="33" branch="false"/>
            <line number="782" hits="71" branch="false"/>
            <line number="783" hits="71" branch="false"/>
            <line number="785" hits="71" branch="false"/>
            <line number="786" hits="68" branch="false"/>
            <line number="787" hits="68" branch="false"/>
            <line number="788" hits="68" branch="false"/>
            <line number="790" hits="68" branch="false"/>
            <line number="791" hits="68" branch="false"/>
            <line number="792" hits="68" branch="false"/>
            <line number="796" hits="71" branch="false"/>
            <line number="798" hits="44" branch="false"/>
            <line number="799" hits="44" branch="false"/>
            <line number="800" hits="2992" branch="false"/>
            <line number="801" hits="44" branch="false"/>
            <line number="802" hits="44" branch="false"/>
            <line number="803" hits="44" branch="false"/>
            <line number="804" hits="44" branch="false"/>
            <line number="805" hits="44" branch="false"/>
            <line number="809" hits="44" branch="false"/>
            <line number="810" hits="44" branch="false"/>
            <line number="811" hits="44" branch="false"/>
            <line number="812" hits="44" branch="false"/>
            <line number="813" hits="44" branch="false"/>
            <line number="814" hits="44" branch="false"/>
            <line number="815" hits="88" branch="false"/>
            <line number="817" hits="44" branch="false"/>
            <line number="818" hits="44" branch="false"/>
            <line number="819" hits="44" branch="false"/>
            <line number="820" hits="44" branch="false"/>
            <line number="821" hits="44" branch="false"/>
            <line number="822" hits="44" branch="false"/>
            <line number="824" hits="27" branch="false"/>
            <line number="828" hits="71" branch="false"/>
            <line number="829" hits="71" branch="false"/>
            <line number="830" hits="71" branch="false"/>
            <line number="832" hits="71" branch="false"/>
            <line number="833" hits="0" branch="false"/>
            <line number="836" hits="0" branch="false"/>
            <line number="837" hits="0" branch="false"/>
            <line number="857" hits="6" branch="false"/>
            <line number="858" hits="3" branch="false"/>
            <line number="859" hits="3" branch="false"/>
            <line number="860" hits="3" branch="false"/>
            <line number="864" hits="0" branch="false"/>
            <line number="865" hits="0" branch="false"/>
            <line number="869" hits="0" branch="false"/>
            <line number="872" hits="0" branch="false"/>
            <line number="873" hits="0" branch="false"/>
            <line number="874" hits="0" branch="false"/>
            <line number="875" hits="0" branch="false"/>
            <line number="878" hits="0" branch="false"/>
            <line number="881" hits="0" branch="false"/>
            <line number="882" hits="0" branch="false"/>
            <line number="884" hits="0" branch="false"/>
            <line number="885" hits="0" branch="false"/>
            <line number="888" hits="0" branch="false"/>
            <line number="890" hits="0" branch="false"/>
          </lines>
        </class>
      </classes>
    </package>
  </packages>
</coverage>
